<?xml version="1.0" encoding="UTF-8"?>
<coverage generated="1734562074923" clover="3.2.0">
  <project timestamp="1734562074923" name="All files">
    <metrics statements="20" coveredstatements="20" conditionals="16" coveredconditionals="10" methods="4" coveredmethods="4" elements="40" coveredelements="34" complexity="0" loc="20" ncloc="20" packages="1" files="4" classes="4"/>
    <file name="CardBody.tsx" path="/Users/leandrofavre/dev/pruebas/custom-components/composition-pattern/src/components/Card/CardBody.tsx">
      <metrics statements="3" coveredstatements="3" conditionals="4" coveredconditionals="3" methods="1" coveredmethods="1"/>
      <line num="3" count="1" type="stmt"/>
      <line num="8" count="1" type="stmt"/>
      <line num="21" count="1" type="stmt"/>
    </file>
    <file name="CardFooter.tsx" path="/Users/leandrofavre/dev/pruebas/custom-components/composition-pattern/src/components/Card/CardFooter.tsx">
      <metrics statements="4" coveredstatements="4" conditionals="2" coveredconditionals="2" methods="1" coveredmethods="1"/>
      <line num="3" count="1" type="stmt"/>
      <line num="8" count="1" type="stmt"/>
      <line num="14" count="1" type="stmt"/>
      <line num="29" count="1" type="stmt"/>
    </file>
    <file name="CardHeader.tsx" path="/Users/leandrofavre/dev/pruebas/custom-components/composition-pattern/src/components/Card/CardHeader.tsx">
      <metrics statements="3" coveredstatements="3" conditionals="8" coveredconditionals="3" methods="1" coveredmethods="1"/>
      <line num="3" count="1" type="stmt"/>
      <line num="9" count="1" type="stmt"/>
      <line num="24" count="1" type="stmt"/>
    </file>
    <file name="index.tsx" path="/Users/leandrofavre/dev/pruebas/custom-components/composition-pattern/src/components/Card/index.tsx">
      <metrics statements="10" coveredstatements="10" conditionals="2" coveredconditionals="2" methods="1" coveredmethods="1"/>
      <line num="1" count="1" type="stmt"/>
      <line num="2" count="1" type="stmt"/>
      <line num="3" count="1" type="stmt"/>
      <line num="6" count="1" type="stmt"/>
      <line num="10" count="1" type="cond" truecount="2" falsecount="0"/>
      <line num="11" count="8" type="stmt"/>
      <line num="17" count="8" type="stmt"/>
      <line num="30" count="1" type="stmt"/>
      <line num="31" count="1" type="stmt"/>
      <line num="32" count="1" type="stmt"/>
    </file>
  </project>
</coverage>
