{"/Users/leandrofavre/dev/pruebas/custom-components/composition-pattern/src/components/Card/CardBody.tsx": {"path":"/Users/leandrofavre/dev/pruebas/custom-components/composition-pattern/src/components/Card/CardBody.tsx","statementMap":{"0":{"start":{"line":3,"column":42},"end":{"line":19,"column":1}},"1":{"start":{"line":8,"column":2},"end":{"line":18,"column":4}},"2":{"start":{"line":21,"column":0},"end":{"line":21,"column":24}}},"fnMap":{"0":{"name":"(anonymous_0)","decl":{"start":{"line":3,"column":42},"end":{"line":3,"column":43}},"loc":{"start":{"line":7,"column":5},"end":{"line":19,"column":1}}}},"branchMap":{"0":{"loc":{"start":{"line":5,"column":2},"end":{"line":5,"column":16}},"type":"default-arg","locations":[{"start":{"line":5,"column":14},"end":{"line":5,"column":16}}]},"1":{"loc":{"start":{"line":6,"column":2},"end":{"line":6,"column":20}},"type":"default-arg","locations":[{"start":{"line":6,"column":15},"end":{"line":6,"column":20}}]},"2":{"loc":{"start":{"line":12,"column":8},"end":{"line":12,"column":52}},"type":"cond-expr","locations":[{"start":{"line":12,"column":21},"end":{"line":12,"column":47}},{"start":{"line":12,"column":50},"end":{"line":12,"column":52}}]}},"s":{"0":1,"1":1,"2":1},"f":{"0":1},"b":{"0":[1],"1":[1],"2":[0,1]}}
,"/Users/leandrofavre/dev/pruebas/custom-components/composition-pattern/src/components/Card/CardFooter.tsx": {"path":"/Users/leandrofavre/dev/pruebas/custom-components/composition-pattern/src/components/Card/CardFooter.tsx","statementMap":{"0":{"start":{"line":3,"column":46},"end":{"line":27,"column":1}},"1":{"start":{"line":8,"column":27},"end":{"line":12,"column":4}},"2":{"start":{"line":14,"column":2},"end":{"line":26,"column":4}},"3":{"start":{"line":29,"column":0},"end":{"line":29,"column":26}}},"fnMap":{"0":{"name":"(anonymous_0)","decl":{"start":{"line":3,"column":46},"end":{"line":3,"column":47}},"loc":{"start":{"line":7,"column":5},"end":{"line":27,"column":1}}}},"branchMap":{"0":{"loc":{"start":{"line":5,"column":2},"end":{"line":5,"column":16}},"type":"default-arg","locations":[{"start":{"line":5,"column":14},"end":{"line":5,"column":16}}]},"1":{"loc":{"start":{"line":6,"column":2},"end":{"line":6,"column":21}},"type":"default-arg","locations":[{"start":{"line":6,"column":14},"end":{"line":6,"column":21}}]}},"s":{"0":1,"1":1,"2":1,"3":1},"f":{"0":1},"b":{"0":[1],"1":[1]}}
,"/Users/leandrofavre/dev/pruebas/custom-components/composition-pattern/src/components/Card/CardHeader.tsx": {"path":"/Users/leandrofavre/dev/pruebas/custom-components/composition-pattern/src/components/Card/CardHeader.tsx","statementMap":{"0":{"start":{"line":3,"column":46},"end":{"line":22,"column":1}},"1":{"start":{"line":9,"column":2},"end":{"line":21,"column":4}},"2":{"start":{"line":24,"column":0},"end":{"line":24,"column":26}}},"fnMap":{"0":{"name":"(anonymous_0)","decl":{"start":{"line":3,"column":46},"end":{"line":3,"column":47}},"loc":{"start":{"line":8,"column":5},"end":{"line":22,"column":1}}}},"branchMap":{"0":{"loc":{"start":{"line":5,"column":2},"end":{"line":5,"column":16}},"type":"default-arg","locations":[{"start":{"line":5,"column":14},"end":{"line":5,"column":16}}]},"1":{"loc":{"start":{"line":11,"column":7},"end":{"line":17,"column":null}},"type":"binary-expr","locations":[{"start":{"line":11,"column":8},"end":{"line":11,"column":13}},{"start":{"line":11,"column":17},"end":{"line":11,"column":25}},{"start":{"line":12,"column":8},"end":{"line":16,"column":null}}]},"2":{"loc":{"start":{"line":13,"column":11},"end":{"line":14,"column":null}},"type":"binary-expr","locations":[{"start":{"line":13,"column":11},"end":{"line":13,"column":16}},{"start":{"line":14,"column":12},"end":{"line":14,"column":76}}]},"3":{"loc":{"start":{"line":16,"column":11},"end":{"line":16,"column":74}},"type":"binary-expr","locations":[{"start":{"line":16,"column":11},"end":{"line":16,"column":19}},{"start":{"line":16,"column":23},"end":{"line":16,"column":74}}]}},"s":{"0":1,"1":1,"2":1},"f":{"0":1},"b":{"0":[1],"1":[1,1,0],"2":[0,0],"3":[0,0]}}
,"/Users/leandrofavre/dev/pruebas/custom-components/composition-pattern/src/components/Card/index.tsx": {"path":"/Users/leandrofavre/dev/pruebas/custom-components/composition-pattern/src/components/Card/index.tsx","statementMap":{"0":{"start":{"line":1,"column":0},"end":{"line":1,"column":38}},"1":{"start":{"line":2,"column":0},"end":{"line":2,"column":34}},"2":{"start":{"line":3,"column":0},"end":{"line":3,"column":38}},"3":{"start":{"line":10,"column":4},"end":{"line":28,"column":1}},"4":{"start":{"line":11,"column":25},"end":{"line":15,"column":4}},"5":{"start":{"line":17,"column":2},"end":{"line":27,"column":4}},"6":{"start":{"line":6,"column":13},"end":{"line":6,"column":null}},"7":{"start":{"line":30,"column":0},"end":{"line":30,"column":25}},"8":{"start":{"line":31,"column":0},"end":{"line":31,"column":21}},"9":{"start":{"line":32,"column":0},"end":{"line":32,"column":25}}},"fnMap":{"0":{"name":"(anonymous_1)","decl":{"start":{"line":10,"column":4},"end":{"line":10,"column":5}},"loc":{"start":{"line":10,"column":58},"end":{"line":28,"column":1}}}},"branchMap":{"0":{"loc":{"start":{"line":10,"column":17},"end":{"line":10,"column":31}},"type":"default-arg","locations":[{"start":{"line":10,"column":29},"end":{"line":10,"column":31}}]},"1":{"loc":{"start":{"line":10,"column":33},"end":{"line":10,"column":52}},"type":"default-arg","locations":[{"start":{"line":10,"column":43},"end":{"line":10,"column":52}}]}},"s":{"0":1,"1":1,"2":1,"3":1,"4":8,"5":8,"6":1,"7":1,"8":1,"9":1},"f":{"0":8},"b":{"0":[7],"1":[6]}}
}
