TN:
SF:src/components/Card/CardBody.tsx
FN:3,(anonymous_0)
FNF:1
FNH:1
FNDA:1,(anonymous_0)
DA:3,1
DA:8,1
DA:21,1
LF:3
LH:3
BRDA:5,0,0,1
BRDA:6,1,0,1
BRDA:12,2,0,0
BRDA:12,2,1,1
BRF:4
BRH:3
end_of_record
TN:
SF:src/components/Card/CardFooter.tsx
FN:3,(anonymous_0)
FNF:1
FNH:1
FNDA:1,(anonymous_0)
DA:3,1
DA:8,1
DA:14,1
DA:29,1
LF:4
LH:4
BRDA:5,0,0,1
BRDA:6,1,0,1
BRF:2
BRH:2
end_of_record
TN:
SF:src/components/Card/CardHeader.tsx
FN:3,(anonymous_0)
FNF:1
FNH:1
FNDA:1,(anonymous_0)
DA:3,1
DA:9,1
DA:24,1
LF:3
LH:3
BRDA:5,0,0,1
BRDA:11,1,0,1
BRDA:11,1,1,1
BRDA:11,1,2,0
BRDA:13,2,0,0
BRDA:13,2,1,0
BRDA:16,3,0,0
BRDA:16,3,1,0
BRF:8
BRH:3
end_of_record
TN:
SF:src/components/Card/index.tsx
FN:10,(anonymous_1)
FNF:1
FNH:1
FNDA:8,(anonymous_1)
DA:1,1
DA:2,1
DA:3,1
DA:6,1
DA:10,1
DA:11,8
DA:17,8
DA:30,1
DA:31,1
DA:32,1
LF:10
LH:10
BRDA:10,0,0,7
BRDA:10,1,0,6
BRF:2
BRH:2
end_of_record
